<?xml version="1.0" encoding="UTF-8"?>
<testsuite xmlns:xsi="http://www.w3.org/2001/XMLSchema-instance" xsi:schemaLocation="https://maven.apache.org/surefire/maven-surefire-plugin/xsd/surefire-test-report.xsd" name="TestSuite" time="10.809" tests="14" errors="0" skipped="12" failures="2">
  <properties>
[...]
</properties>
  <testcase name="validateFlightCheckboxes" classname="test.UnitedAirlinesTest" time="6.638">
    <failure message="element click intercepted: Element &lt;input type=&quot;checkbox&quot; id=&quot;award&quot; name=&quot;AwardTravel&quot; aria-label=&quot;Book with miles&quot; class=&quot;app-components-BookFlightForm-bookFlightForm__customCheckbox--2Wd21&quot;&gt; is not clickable at point (407, 265). Other element would receive the click: &lt;label for=&quot;award&quot;&gt;...&lt;/label&gt;&#10;  (Session info: chrome=102.0.5005.61)&#10;Build info: version: &apos;3.141.59&apos;, revision: &apos;e82be7d358&apos;, time: &apos;2018-11-14T08:17:03&apos;&#10;System info: host: &apos;Chriskalys-MacBook-Pro.local&apos;, ip: &apos;2601:240:cd02:a059:4095:312:ce64:3d08%en0&apos;, os.name: &apos;Mac OS X&apos;, os.arch: &apos;aarch64&apos;, os.version: &apos;12.4&apos;, java.version: &apos;18.0.1&apos;&#10;Driver info: org.openqa.selenium.chrome.ChromeDriver&#10;Capabilities {acceptInsecureCerts: false, browserName: chrome, browserVersion: 102.0.5005.61, chrome: {chromedriverVersion: 102.0.5005.61 (0e59bcc00cc4..., userDataDir: /var/folders/jb/b_pd3zds2sv...}, goog:chromeOptions: {debuggerAddress: localhost:51794}, javascriptEnabled: true, networkConnectionEnabled: false, pageLoadStrategy: normal, platform: MAC, platformName: MAC, proxy: Proxy(), setWindowRect: true, strictFileInteractability: false, timeouts: {implicit: 0, pageLoad: 300000, script: 30000}, unhandledPromptBehavior: dismiss and notify, webauthn:extension:credBlob: true, webauthn:extension:largeBlob: true, webauthn:virtualAuthenticators: true}&#10;Session ID: 575f99e4f72a8c91b9473951cf0e05fc" type="org.openqa.selenium.ElementClickInterceptedException"><![CDATA[org.openqa.selenium.ElementClickInterceptedException: 
element click intercepted: Element <input type="checkbox" id="award" name="AwardTravel" aria-label="Book with miles" class="app-components-BookFlightForm-bookFlightForm__customCheckbox--2Wd21"> is not clickable at point (407, 265). Other element would receive the click: <label for="award">...</label>
  (Session info: chrome=102.0.5005.61)
Build info: version: '3.141.59', revision: 'e82be7d358', time: '2018-11-14T08:17:03'
System info: host: 'Chriskalys-MacBook-Pro.local', ip: '2601:240:cd02:a059:4095:312:ce64:3d08%en0', os.name: 'Mac OS X', os.arch: 'aarch64', os.version: '12.4', java.version: '18.0.1'
Driver info: org.openqa.selenium.chrome.ChromeDriver
Capabilities {acceptInsecureCerts: false, browserName: chrome, browserVersion: 102.0.5005.61, chrome: {chromedriverVersion: 102.0.5005.61 (0e59bcc00cc4..., userDataDir: /var/folders/jb/b_pd3zds2sv...}, goog:chromeOptions: {debuggerAddress: localhost:51794}, javascriptEnabled: true, networkConnectionEnabled: false, pageLoadStrategy: normal, platform: MAC, platformName: MAC, proxy: Proxy(), setWindowRect: true, strictFileInteractability: false, timeouts: {implicit: 0, pageLoad: 300000, script: 30000}, unhandledPromptBehavior: dismiss and notify, webauthn:extension:credBlob: true, webauthn:extension:largeBlob: true, webauthn:virtualAuthenticators: true}
Session ID: 575f99e4f72a8c91b9473951cf0e05fc
	at test.UnitedAirlinesTest.validateFlightCheckboxes(UnitedAirlinesTest.java:93)
]]></failure>
    <system-err><![CDATA[SLF4J: Failed to load class "org.slf4j.impl.StaticLoggerBinder".
SLF4J: Defaulting to no-operation (NOP) logger implementation
SLF4J: See http://www.slf4j.org/codes.html#StaticLoggerBinder for further details.
Starting ChromeDriver 102.0.5005.61 (0e59bcc00cc4985ce39ad31c150065f159d95ad3-refs/branch-heads/5005@{#819}) on port 47395
Only local connections are allowed.
Please see https://chromedriver.chromium.org/security-considerations for suggestions on keeping ChromeDriver safe.
ChromeDriver was started successfully.
Jun 10, 2022 11:57:23 PM org.openqa.selenium.remote.ProtocolHandshake createSession
INFO: Detected dialect: W3C
]]></system-err>
  </testcase>
  <testcase name="teardown" classname="test.UnitedAirlinesTest" time="6.639">
    <failure message="The following asserts failed:&#10;	expected [true] but found [false],&#10;	expected [true] but found [false]" type="java.lang.AssertionError">java.lang.AssertionError: 
The following asserts failed:
	expected [true] but found [false],
	expected [true] but found [false]
</failure>
  </testcase>
  <testcase name="teardown" classname="test.UnitedAirlinesTest" time="0">
    <skipped/>
  </testcase>
  <testcase name="teardown" classname="test.UnitedAirlinesTest" time="0">
    <skipped/>
  </testcase>
  <testcase name="teardown" classname="test.UnitedAirlinesTest" time="0">
    <skipped/>
  </testcase>
  <testcase name="teardown" classname="test.UnitedAirlinesTest" time="0">
    <skipped/>
  </testcase>
  <testcase name="setup" classname="test.UnitedAirlinesTest" time="0">
    <skipped/>
  </testcase>
  <testcase name="setup" classname="test.UnitedAirlinesTest" time="0">
    <skipped/>
  </testcase>
  <testcase name="setup" classname="test.UnitedAirlinesTest" time="0">
    <skipped/>
  </testcase>
  <testcase name="setup" classname="test.UnitedAirlinesTest" time="0">
    <skipped/>
  </testcase>
  <testcase name="validateFlightRadioButtons" classname="test.UnitedAirlinesTest" time="0">
    <skipped message="The following asserts failed:&#10;	expected [true] but found [false],&#10;	expected [true] but found [false]"/>
  </testcase>
  <testcase name="validateFlightResult" classname="test.UnitedAirlinesTest" time="0">
    <skipped message="The following asserts failed:&#10;	expected [true] but found [false],&#10;	expected [true] but found [false]"/>
  </testcase>
  <testcase name="validateMainMenuNavigation" classname="test.UnitedAirlinesTest" time="0">
    <skipped message="The following asserts failed:&#10;	expected [true] but found [false],&#10;	expected [true] but found [false]"/>
  </testcase>
  <testcase name="validateTravelMenuNavigation" classname="test.UnitedAirlinesTest" time="0">
    <skipped message="The following asserts failed:&#10;	expected [true] but found [false],&#10;	expected [true] but found [false]"/>
  </testcase>
</testsuite>